2025-01-21 22:50:34 info: Congratulations, your extension "Embold" is now active!
2025-01-21 22:50:34 info: tempDirectory : c:\Users\OMEN 16\.vscode\extensions\embold-vscode.embold-0.1.8\temp
2025-01-21 22:50:34 info: Extraction complete for source: c:\Users\OMEN 16\.vscode\extensions\embold-vscode.embold-0.1.8\resources\embold-scanner-archive.zip, destination: c:\Users\OMEN 16\.vscode\extensions\embold-vscode.embold-0.1.8\temp
2025-01-21 22:50:34 info: Extension installed on machine OS : win32
2025-01-21 22:50:35 info: Fetched the issues from DB
2025-01-21 22:50:35 info: Java version installed on machine : 
java version "23.0.1" 2024-10-15
Java(TM) SE Runtime Environment (build 23.0.1+11-39)
Java HotSpot(TM) 64-Bit Server VM (build 23.0.1+11-39, mixed mode, sharing)

2025-01-21 22:50:35 info: Java installed on machine.
2025-01-21 22:50:35 info: Embold extension version response:{"hasSupport":false,"version":"0.1.6","changeNotes":"<div> <p>Release Date: 09 Oct, 2023 <br><span>Bug fixes and improvements.</span></p> </div>"}
2025-01-21 22:50:35 info: Current installed embold extension version : 0.1.8
2025-01-21 22:50:35 info: Latest embold extension version on marketplace : 0.1.6
2025-01-22 15:03:29 info: Congratulations, your extension "Embold" is now active!
2025-01-22 15:03:29 info: tempDirectory : c:\Users\OMEN 16\.vscode\extensions\embold-vscode.embold-0.1.8\temp
2025-01-22 15:03:31 info: Extraction complete for source: c:\Users\OMEN 16\.vscode\extensions\embold-vscode.embold-0.1.8\resources\embold-scanner-archive.zip, destination: c:\Users\OMEN 16\.vscode\extensions\embold-vscode.embold-0.1.8\temp
2025-01-22 15:03:31 info: Extension installed on machine OS : win32
2025-01-22 15:03:31 info: Fetched the issues from DB
2025-01-22 15:03:32 info: Java version installed on machine : 
java version "23.0.1" 2024-10-15
Java(TM) SE Runtime Environment (build 23.0.1+11-39)
Java HotSpot(TM) 64-Bit Server VM (build 23.0.1+11-39, mixed mode, sharing)

2025-01-22 15:03:32 info: Java installed on machine.
2025-01-22 15:03:42 info: Embold extension version response:{"hasSupport":false,"version":"0.1.6","changeNotes":"<div> <p>Release Date: 09 Oct, 2023 <br><span>Bug fixes and improvements.</span></p> </div>"}
2025-01-22 15:03:42 info: Current installed embold extension version : 0.1.8
2025-01-22 15:03:42 info: Latest embold extension version on marketplace : 0.1.6
2025-01-22 15:03:46 info: Row(s) deleted
2025-01-22 15:12:29 info: Congratulations, your extension "Embold" is now active!
2025-01-22 15:12:29 info: tempDirectory : c:\Users\OMEN 16\.vscode\extensions\embold-vscode.embold-0.1.8\temp
2025-01-22 15:12:32 info: Extraction complete for source: c:\Users\OMEN 16\.vscode\extensions\embold-vscode.embold-0.1.8\resources\embold-scanner-archive.zip, destination: c:\Users\OMEN 16\.vscode\extensions\embold-vscode.embold-0.1.8\temp
2025-01-22 15:12:32 info: Extension installed on machine OS : win32
2025-01-22 15:12:32 info: Fetched the issues from DB
2025-01-22 15:12:32 info: Java version installed on machine : 
java version "23.0.1" 2024-10-15
Java(TM) SE Runtime Environment (build 23.0.1+11-39)
Java HotSpot(TM) 64-Bit Server VM (build 23.0.1+11-39, mixed mode, sharing)

2025-01-22 15:12:32 info: Java installed on machine.
2025-01-22 15:12:33 info: Embold extension version response:{"hasSupport":false,"version":"0.1.6","changeNotes":"<div> <p>Release Date: 09 Oct, 2023 <br><span>Bug fixes and improvements.</span></p> </div>"}
2025-01-22 15:12:33 info: Current installed embold extension version : 0.1.8
2025-01-22 15:12:33 info: Latest embold extension version on marketplace : 0.1.6
2025-01-22 15:16:50 info: Row(s) deleted
2025-01-22 15:16:50 info: Row(s) deleted
2025-01-22 15:16:50 info: Row(s) deleted
2025-01-22 15:16:50 info: Row(s) deleted
2025-01-22 15:16:50 info: Row(s) deleted
2025-01-22 15:16:52 info: Row(s) deleted
2025-01-22 15:16:53 info: Row(s) deleted
2025-01-22 15:16:55 info: Row(s) deleted
2025-01-22 15:17:04 info: Row(s) deleted
2025-01-22 16:50:58 info: Row(s) deleted
2025-01-22 21:24:15 info: Congratulations, your extension "Embold" is now active!
2025-01-22 21:24:15 info: tempDirectory : c:\Users\OMEN 16\.vscode\extensions\embold-vscode.embold-0.1.8\temp
2025-01-22 21:24:18 info: Extraction complete for source: c:\Users\OMEN 16\.vscode\extensions\embold-vscode.embold-0.1.8\resources\embold-scanner-archive.zip, destination: c:\Users\OMEN 16\.vscode\extensions\embold-vscode.embold-0.1.8\temp
2025-01-22 21:24:18 info: Extension installed on machine OS : win32
2025-01-22 21:24:18 info: Fetched the issues from DB
2025-01-22 21:24:18 info: Java version installed on machine : 
java version "23.0.1" 2024-10-15
Java(TM) SE Runtime Environment (build 23.0.1+11-39)
Java HotSpot(TM) 64-Bit Server VM (build 23.0.1+11-39, mixed mode, sharing)

2025-01-22 21:24:18 info: Java installed on machine.
2025-01-22 21:24:23 info: Embold extension version response:{"hasSupport":false,"version":"0.1.6","changeNotes":"<div> <p>Release Date: 09 Oct, 2023 <br><span>Bug fixes and improvements.</span></p> </div>"}
2025-01-22 21:24:23 info: Current installed embold extension version : 0.1.8
2025-01-22 21:24:23 info: Latest embold extension version on marketplace : 0.1.6
2025-01-22 21:42:58 info: Row(s) deleted
2025-01-22 21:42:58 info: Row(s) deleted
2025-01-22 21:42:58 info: Row(s) deleted
2025-01-22 21:42:58 info: Row(s) deleted
2025-01-22 21:42:58 info: Row(s) deleted
2025-01-22 21:43:01 info: Row(s) deleted
2025-01-22 21:43:01 info: Row(s) deleted
2025-01-22 21:43:04 info: Row(s) deleted
2025-01-22 21:43:16 info: Row(s) deleted
2025-01-22 23:59:29 info: Row(s) deleted
2025-01-22 23:59:29 info: Row(s) deleted
2025-01-22 23:59:29 info: Row(s) deleted
2025-01-22 23:59:29 info: Row(s) deleted
2025-01-22 23:59:29 info: Row(s) deleted
2025-01-22 23:59:32 info: Row(s) deleted
2025-01-22 23:59:32 info: Row(s) deleted
2025-01-22 23:59:34 info: Row(s) deleted
2025-01-22 23:59:45 info: Row(s) deleted
2025-01-23 00:26:23 info: Row(s) deleted
2025-01-23 00:37:47 info: Row(s) deleted
